2026-07-04 22:45:44 [INFO    ] Sample info message
2026-07-04 22:45:44 [SUCCESS ] Sample success message
2026-07-04 22:45:44 [WARNING ] Sample warning message
2026-07-04 22:45:44 [ERROR   ] Sample error message
2026-07-04 22:54:29 [INFO    ] Test info message
2026-07-04 22:54:29 [SUCCESS ] Test success message
2026-07-04 22:54:29 [WARNING ] Test warning message
2026-07-04 22:54:29 [SUCCESS ] Database ready at C:\Users\EnforcerX\Downloads\Arduino-IDE - Project\AI-Assisted Fingerprint Attendance System\data\attendance.db
2026-07-04 23:12:36 [SUCCESS ] Database backed up to C:\Users\EnforcerX\Downloads\Arduino-IDE - Project\AI-Assisted Fingerprint Attendance System\data\backups\attendance_20260704_231236.db
2026-07-04 23:12:37 [SUCCESS ] Database ready at C:\Users\EnforcerX\Downloads\Arduino-IDE - Project\AI-Assisted Fingerprint Attendance System\data\attendance.db
2026-07-04 23:16:28 [SUCCESS ] Database backed up to C:\Users\EnforcerX\Downloads\Arduino-IDE - Project\AI-Assisted Fingerprint Attendance System\data\backups\attendance_20260704_231628.db
2026-07-04 23:16:28 [SUCCESS ] Database ready at C:\Users\EnforcerX\Downloads\Arduino-IDE - Project\AI-Assisted Fingerprint Attendance System\data\attendance.db
2026-07-04 23:18:12 [SUCCESS ] Database backed up to C:\Users\EnforcerX\Downloads\Arduino-IDE - Project\AI-Assisted Fingerprint Attendance System\data\backups\attendance_20260704_231812.db
2026-07-04 23:18:13 [SUCCESS ] Database ready at C:\Users\EnforcerX\Downloads\Arduino-IDE - Project\AI-Assisted Fingerprint Attendance System\data\attendance.db
2026-07-04 23:18:57 [SUCCESS ] Database ready at C:\Users\EnforcerX\Downloads\Arduino-IDE - Project\AI-Assisted Fingerprint Attendance System\data\attendance.db
2026-07-04 23:19:04 [SUCCESS ] Connected to COM5 @ 115200 baud
2026-07-04 23:26:28 [INFO    ] Disconnected from ESP32
2026-07-04 23:28:24 [SUCCESS ] Database backed up to C:\Users\EnforcerX\Downloads\Arduino-IDE - Project\AI-Assisted Fingerprint Attendance System\data\backups\attendance_20260704_232824.db
2026-07-04 23:28:24 [SUCCESS ] Database ready at C:\Users\EnforcerX\Downloads\Arduino-IDE - Project\AI-Assisted Fingerprint Attendance System\data\attendance.db
2026-07-04 23:30:14 [SUCCESS ] Database ready at C:\Users\EnforcerX\Downloads\Arduino-IDE - Project\AI-Assisted Fingerprint Attendance System\data\attendance.db
2026-07-04 23:30:22 [SUCCESS ] Connected to COM5 @ 115200 baud
2026-07-04 23:33:16 [SUCCESS ] Database backed up to C:\Users\EnforcerX\Downloads\Arduino-IDE - Project\AI-Assisted Fingerprint Attendance System\data\backups\attendance_20260704_233316.db
2026-07-04 23:33:16 [SUCCESS ] Database ready at C:\Users\EnforcerX\Downloads\Arduino-IDE - Project\AI-Assisted Fingerprint Attendance System\data\attendance.db
2026-07-04 23:33:38 [INFO    ] Disconnected from ESP32
2026-07-04 23:33:42 [SUCCESS ] Database ready at C:\Users\EnforcerX\Downloads\Arduino-IDE - Project\AI-Assisted Fingerprint Attendance System\data\attendance.db
2026-07-04 23:41:47 [SUCCESS ] Database backed up to C:\Users\EnforcerX\Downloads\Arduino-IDE - Project\AI-Assisted Fingerprint Attendance System\data\backups\attendance_20260704_234147.db
2026-07-04 23:41:47 [SUCCESS ] Database ready at C:\Users\EnforcerX\Downloads\Arduino-IDE - Project\AI-Assisted Fingerprint Attendance System\data\attendance.db
2026-07-04 23:44:08 [SUCCESS ] Database ready at C:\Users\EnforcerX\Downloads\Arduino-IDE - Project\AI-Assisted Fingerprint Attendance System\data\attendance.db
2026-07-04 23:44:20 [SUCCESS ] Connected to COM5 @ 115200 baud
2026-07-04 23:49:20 [INFO    ] Disconnected from ESP32
2026-07-04 23:56:48 [SUCCESS ] Database ready at C:\Users\EnforcerX\Downloads\Arduino-IDE - Project\AI-Assisted Fingerprint Attendance System\data\attendance.db
2026-07-04 23:57:01 [SUCCESS ] Connected to COM5 @ 115200 baud
2026-07-04 23:57:50 [INFO    ] Disconnected from ESP32
2026-07-04 23:57:53 [SUCCESS ] Database ready at C:\Users\EnforcerX\Downloads\Arduino-IDE - Project\AI-Assisted Fingerprint Attendance System\data\attendance.db
2026-07-04 23:58:27 [SUCCESS ] Connected to COM5 @ 115200 baud
2026-07-05 00:00:21 [INFO    ] Disconnected from ESP32
