2026-07-05 00:01:54 [SUCCESS ] Database ready at C:\Users\EnforcerX\Downloads\Arduino-IDE - Project\AI-Assisted Fingerprint Attendance System\data\attendance.db
2026-07-05 00:02:11 [SUCCESS ] Connected to COM5 @ 115200 baud
2026-07-05 00:05:48 [INFO    ] Disconnected from ESP32
2026-07-05 00:12:36 [SUCCESS ] Database ready at C:\Users\EnforcerX\Downloads\Arduino-IDE - Project\AI-Assisted Fingerprint Attendance System\data\attendance.db
2026-07-05 00:12:42 [SUCCESS ] Connected to COM5 @ 115200 baud
2026-07-05 00:18:01 [INFO    ] Disconnected from ESP32
2026-07-05 00:19:10 [SUCCESS ] Database ready at C:\Users\EnforcerX\Downloads\Arduino-IDE - Project\AI-Assisted Fingerprint Attendance System\data\attendance.db
2026-07-05 00:19:16 [SUCCESS ] Connected to COM5 @ 115200 baud
2026-07-05 00:22:10 [INFO    ] Disconnected from ESP32
2026-07-05 00:22:14 [SUCCESS ] Database ready at C:\Users\EnforcerX\Downloads\Arduino-IDE - Project\AI-Assisted Fingerprint Attendance System\data\attendance.db
2026-07-05 00:22:23 [SUCCESS ] Connected to COM5 @ 115200 baud
2026-07-05 00:25:03 [INFO    ] Disconnected from ESP32
2026-07-05 00:54:05 [SUCCESS ] Database ready at C:\Users\EnforcerX\Downloads\Arduino-IDE - Project\AI-Assisted Fingerprint Attendance System\data\attendance.db
2026-07-05 03:37:39 [SUCCESS ] Database ready at C:\Users\EnforcerX\Downloads\Arduino-IDE - Project\AI-Assisted Fingerprint Attendance System\data\attendance.db
2026-07-05 03:37:45 [SUCCESS ] Connected to COM5 @ 115200 baud
2026-07-05 03:38:30 [INFO    ] Disconnected from ESP32
2026-07-05 03:39:42 [SUCCESS ] Database ready at C:\Users\EnforcerX\Downloads\Arduino-IDE - Project\AI-Assisted Fingerprint Attendance System\data\attendance.db
2026-07-05 03:39:48 [SUCCESS ] Connected to COM5 @ 115200 baud
2026-07-05 03:40:43 [SUCCESS ] Database backed up to C:\Users\EnforcerX\Downloads\Arduino-IDE - Project\AI-Assisted Fingerprint Attendance System\data\backups\attendance_20260705_034043.db
2026-07-05 03:41:11 [INFO    ] Disconnected from ESP32
2026-07-05 13:14:40 [SUCCESS ] Database ready at C:\Users\EnforcerX\Downloads\Arduino-IDE - Project\AI-Assisted Fingerprint Attendance System\data\attendance.db
2026-07-05 13:14:55 [SUCCESS ] Connected to COM5 @ 115200 baud
2026-07-05 17:10:15 [SUCCESS ] Database ready at C:\Users\EnforcerX\AppData\Local\Temp\pytest-of-EnforcerX\pytest-0\test_clear_all_data_clears_stu0\test_attendance.db
2026-07-05 17:13:27 [INFO    ] Disconnected from ESP32
2026-07-05 17:13:31 [SUCCESS ] Database ready at C:\Users\EnforcerX\Downloads\Arduino-IDE - Project\AI-Assisted Fingerprint Attendance System\data\attendance.db
2026-07-05 17:13:36 [SUCCESS ] Connected to COM5 @ 115200 baud
2026-07-05 17:16:38 [SUCCESS ] Database ready at C:\Users\EnforcerX\AppData\Local\Temp\pytest-of-EnforcerX\pytest-1\test_clear_all_data_clears_stu0\test_attendance.db
2026-07-05 17:16:46 [INFO    ] Disconnected from ESP32
2026-07-05 17:16:54 [SUCCESS ] Database ready at C:\Users\EnforcerX\Downloads\Arduino-IDE - Project\AI-Assisted Fingerprint Attendance System\data\attendance.db
2026-07-05 17:17:01 [SUCCESS ] Connected to COM5 @ 115200 baud
2026-07-05 17:22:07 [INFO    ] Disconnected from ESP32
2026-07-05 17:25:26 [SUCCESS ] Database ready at C:\Users\EnforcerX\Downloads\Arduino-IDE - Project\AI-Assisted Fingerprint Attendance System\data\attendance.db
2026-07-05 17:25:33 [SUCCESS ] Connected to COM5 @ 115200 baud
2026-07-05 17:33:17 [SUCCESS ] Database ready at C:\Users\EnforcerX\AppData\Local\Temp\pytest-of-EnforcerX\pytest-2\test_clear_all_data_clears_stu0\test_attendance.db
2026-07-05 17:43:53 [ERROR   ] Failed to send command 'STOP' to ESP32: WriteFile failed (PermissionError(13, 'Access is denied.', None, 5))
2026-07-05 17:43:53 [INFO    ] Disconnected from ESP32
2026-07-05 17:43:54 [ERROR   ] Serial connection failed — could not open port 'COM5': FileNotFoundError(2, 'The system cannot find the file specified.', None, 2)
2026-07-05 17:43:55 [ERROR   ] Serial connection failed — could not open port 'COM5': FileNotFoundError(2, 'The system cannot find the file specified.', None, 2)
2026-07-05 17:44:11 [SUCCESS ] Database ready at C:\Users\EnforcerX\Downloads\Arduino-IDE - Project\AI-Assisted Fingerprint Attendance System\data\attendance.db
2026-07-05 17:44:14 [ERROR   ] Serial connection failed — could not open port 'COM5': FileNotFoundError(2, 'The system cannot find the file specified.', None, 2)
2026-07-05 17:44:23 [ERROR   ] Serial connection failed — could not open port 'COM5': FileNotFoundError(2, 'The system cannot find the file specified.', None, 2)
2026-07-05 17:44:53 [SUCCESS ] Connected to COM5 @ 115200 baud
2026-07-05 17:51:23 [INFO    ] Disconnected from ESP32
2026-07-05 17:52:15 [SUCCESS ] Database ready at C:\Users\EnforcerX\Downloads\Arduino-IDE - Project\AI-Assisted Fingerprint Attendance System\data\attendance.db
2026-07-05 17:52:20 [SUCCESS ] Connected to COM5 @ 115200 baud
2026-07-05 17:54:46 [INFO    ] Disconnected from ESP32
2026-07-05 17:55:20 [SUCCESS ] Database ready at C:\Users\EnforcerX\Downloads\Arduino-IDE - Project\AI-Assisted Fingerprint Attendance System\data\attendance.db
2026-07-05 17:56:04 [SUCCESS ] Database ready at C:\Users\EnforcerX\Downloads\Arduino-IDE - Project\AI-Assisted Fingerprint Attendance System\data\attendance.db
2026-07-05 17:59:23 [SUCCESS ] Database backed up to C:\Users\EnforcerX\Downloads\Arduino-IDE - Project\AI-Assisted Fingerprint Attendance System\data\backups\attendance_20260705_175923.db
2026-07-05 18:54:21 [SUCCESS ] Database ready at C:\Users\EnforcerX\Downloads\Arduino-IDE - Project\AI-Assisted Fingerprint Attendance System\data\attendance.db
2026-07-05 19:17:17 [SUCCESS ] Database ready at C:\Users\EnforcerX\Downloads\Arduino-IDE - Project\AI-Assisted Fingerprint Attendance System\data\attendance.db
2026-07-05 19:18:36 [SUCCESS ] Database ready at C:\Users\EnforcerX\Downloads\Arduino-IDE - Project\AI-Assisted Fingerprint Attendance System\data\attendance.db
2026-07-05 19:18:45 [SUCCESS ] Database backed up to C:\Users\EnforcerX\Downloads\Arduino-IDE - Project\AI-Assisted Fingerprint Attendance System\data\backups\attendance_20260705_191845.db
2026-07-05 19:18:51 [SUCCESS ] Connected to COM5 @ 115200 baud
2026-07-05 19:21:23 [INFO    ] Disconnected from ESP32
2026-07-05 19:22:42 [SUCCESS ] Database ready at C:\Users\EnforcerX\Downloads\Arduino-IDE - Project\AI-Assisted Fingerprint Attendance System\data\attendance.db
2026-07-05 19:22:53 [SUCCESS ] Connected to COM5 @ 115200 baud
2026-07-05 19:24:21 [INFO    ] Disconnected from ESP32
2026-07-05 19:29:51 [SUCCESS ] Database ready at C:\Users\EnforcerX\Downloads\Arduino-IDE - Project\AI-Assisted Fingerprint Attendance System\data\attendance.db
2026-07-05 19:29:56 [SUCCESS ] Connected to COM5 @ 115200 baud
2026-07-05 19:31:00 [INFO    ] Disconnected from ESP32
2026-07-05 19:54:42 [SUCCESS ] Database ready at C:\Users\EnforcerX\Downloads\Arduino-IDE - Project\AI-Assisted Fingerprint Attendance System\data\attendance.db
2026-07-05 19:55:48 [SUCCESS ] Database ready at C:\Users\EnforcerX\Downloads\Arduino-IDE - Project\AI-Assisted Fingerprint Attendance System\data\attendance.db
2026-07-05 19:57:28 [SUCCESS ] Database ready at C:\Users\EnforcerX\Downloads\Arduino-IDE - Project\AI-Assisted Fingerprint Attendance System\data\attendance.db
2026-07-05 19:58:10 [SUCCESS ] Connected to COM5 @ 115200 baud
2026-07-05 20:01:34 [SUCCESS ] Database ready at C:\Users\EnforcerX\Downloads\Arduino-IDE - Project\AI-Assisted Fingerprint Attendance System\data\attendance.db
2026-07-05 20:01:45 [INFO    ] Disconnected from ESP32
2026-07-05 20:07:01 [SUCCESS ] Database ready at C:\Users\EnforcerX\Downloads\Arduino-IDE - Project\AI-Assisted Fingerprint Attendance System\data\attendance.db
2026-07-05 20:08:38 [SUCCESS ] Database ready at C:\Users\EnforcerX\Downloads\Arduino-IDE - Project\AI-Assisted Fingerprint Attendance System\data\attendance.db
2026-07-05 20:08:55 [SUCCESS ] Connected to COM5 @ 115200 baud
2026-07-05 20:21:54 [INFO    ] Disconnected from ESP32
2026-07-05 20:22:19 [SUCCESS ] Database ready at C:\Users\EnforcerX\Downloads\Arduino-IDE - Project\AI-Assisted Fingerprint Attendance System\data\attendance.db
2026-07-05 20:22:33 [SUCCESS ] Connected to COM5 @ 115200 baud
2026-07-05 21:10:45 [INFO    ] Disconnected from ESP32
